0 info it worked if it ends with ok
1 verbose cli [ 'D:\\ruanjian\\node\\node.exe',
1 verbose cli   'D:\\ruanjian\\node\\node_modules\\npm\\bin\\npm-cli.js',
1 verbose cli   'start' ]
2 info using npm@3.10.10
3 info using node@v6.10.0
4 verbose run-script [ 'prestart', 'start', 'poststart' ]
5 info lifecycle nodejs-project@0.0.0~prestart: nodejs-project@0.0.0
6 silly lifecycle nodejs-project@0.0.0~prestart: no script for prestart, continuing
7 info lifecycle nodejs-project@0.0.0~start: nodejs-project@0.0.0
8 verbose lifecycle nodejs-project@0.0.0~start: unsafe-perm in lifecycle true
9 verbose lifecycle nodejs-project@0.0.0~start: PATH: D:\ruanjian\node\node_modules\npm\bin\node-gyp-bin;E:\qianfeng\nodejs_project\node_modules\.bin;C:\Windows\system32;C:\Windows;C:\Windows\System32\Wbem;C:\Windows\System32\WindowsPowerShell\v1.0\;D:\ruanjian\svn\bin;D:\ruanjian\node\;C:\Program Files\MongoDB\Server\3.4\bin;C:\Users\qianfeng\AppData\Roaming\npm
10 verbose lifecycle nodejs-project@0.0.0~start: CWD: E:\qianfeng\nodejs_project
11 silly lifecycle nodejs-project@0.0.0~start: Args: [ '/d /s /c', 'node ./bin/www' ]
12 silly lifecycle nodejs-project@0.0.0~start: Returned: code: 1  signal: null
13 info lifecycle nodejs-project@0.0.0~start: Failed to exec start script
14 verbose stack Error: nodejs-project@0.0.0 start: `node ./bin/www`
14 verbose stack Exit status 1
14 verbose stack     at EventEmitter.<anonymous> (D:\ruanjian\node\node_modules\npm\lib\utils\lifecycle.js:255:16)
14 verbose stack     at emitTwo (events.js:106:13)
14 verbose stack     at EventEmitter.emit (events.js:191:7)
14 verbose stack     at ChildProcess.<anonymous> (D:\ruanjian\node\node_modules\npm\lib\utils\spawn.js:40:14)
14 verbose stack     at emitTwo (events.js:106:13)
14 verbose stack     at ChildProcess.emit (events.js:191:7)
14 verbose stack     at maybeClose (internal/child_process.js:877:16)
14 verbose stack     at Process.ChildProcess._handle.onexit (internal/child_process.js:226:5)
15 verbose pkgid nodejs-project@0.0.0
16 verbose cwd E:\qianfeng\nodejs_project\bin
17 error Windows_NT 6.1.7600
18 error argv "D:\\ruanjian\\node\\node.exe" "D:\\ruanjian\\node\\node_modules\\npm\\bin\\npm-cli.js" "start"
19 error node v6.10.0
20 error npm  v3.10.10
21 error code ELIFECYCLE
22 error nodejs-project@0.0.0 start: `node ./bin/www`
22 error Exit status 1
23 error Failed at the nodejs-project@0.0.0 start script 'node ./bin/www'.
23 error Make sure you have the latest version of node.js and npm installed.
23 error If you do, this is most likely a problem with the nodejs-project package,
23 error not with npm itself.
23 error Tell the author that this fails on your system:
23 error     node ./bin/www
23 error You can get information on how to open an issue for this project with:
23 error     npm bugs nodejs-project
23 error Or if that isn't available, you can get their info via:
23 error     npm owner ls nodejs-project
23 error There is likely additional logging output above.
24 verbose exit [ 1, true ]
